[2025-05-26 06:07:34] Log history cleared by Admin: 'admin' (ID: 12).
[2025-05-26 06:07:47] Admin logout for user: 'admin' (ID: 12).
[2025-05-26 06:07:53] Admin login successful for user: 'admin' (ID: 15).
[2025-05-26 06:43:58] Admin logout for user: 'admin' (ID: 15).
[2025-05-26 06:44:00] Admin login successful for user: 'admin' (ID: 15).
[2025-05-26 07:07:19] Admin user 'admin1' (ID: 16) password has been reset.
[2025-05-26 07:07:25] Admin logout for user: 'admin' (ID: 15).
[2025-05-26 07:07:45] Admin login successful for user: 'admin1' (ID: 16).
[2025-05-26 07:08:05] Admin user 'admin1' (ID: 16) password has been reset.
[2025-05-26 07:12:52] Admin logout for user: 'admin1' (ID: 16).
[2025-05-26 07:14:56] Admin login successful for user: 'admin' (ID: 15).
[2025-05-26 07:15:04] Admin logout for user: 'admin' (ID: 15).
[2025-05-26 07:15:06] Admin login successful for user: 'admin' (ID: 15).
[2025-05-26 07:16:05] Admin logout for user: 'admin' (ID: 15).
[2025-05-26 07:16:28] Admin login successful for user: 'admin' (ID: 15).
[2025-05-26 07:24:45] Admin logout for user: 'admin' (ID: 15).
[2025-05-26 07:24:51] Admin login successful for user: 'admin' (ID: 15).
[2025-05-26 07:25:16] Admin logout for user: 'admin' (ID: 15).
[2025-05-26 07:25:18] Admin login successful for user: 'admin' (ID: 15).
[2025-05-26 11:14:30] User added product: 'Tekno V1' (ID: 1), Category: 'BIK', Subcategory: 'MTB'.
[2025-05-26 12:11:57] User added product: 'Tekno V1' (ID: 2), Category: 'BIK', Subcategory: 'MTB'.
[2025-05-26 12:15:06] User updated product: 'Tekno V2' (ID: 2).
[2025-05-26 13:26:09] User updated product: 'Tekno V1' (ID: 2).
[2025-05-26 14:11:08] User added product: 'Tekno V1' (ID: 3), Category: 'BIK', Subcategory: 'MTB'.
[2025-05-26 14:11:47] User updated product: 'Tekno V2' (ID: 3).
[2025-05-26 14:51:02] User added product: 'Tekno V1' (ID: 4), Category: 'BIK', Subcategory: 'MTB'.
[2025-05-26 15:58:57] User updated product: 'Tekno V1' (ID: 4).
[2025-05-26 15:59:25] User updated product: 'Tekno V1' (ID: 4).
[2025-05-26 15:59:34] User updated product: 'Tekno V1' (ID: 4).
[2025-05-26 15:59:49] User updated product: 'Tekno V1' (ID: 4).
[2025-05-26 16:02:47] User updated product: 'Tekno V1' (ID: 4).
[2025-05-26 16:10:26] User updated product: 'Tekno V1' (ID: 4).
[2025-05-26 16:12:22] User updated product: 'Tekno V1' (ID: 4).
[2025-05-26 16:20:47] User updated product: 'Tekno V1' (ID: 4).
[2025-05-26 16:21:20] User updated product: 'Tekno V1' (ID: 4).
[2025-05-26 16:21:35] User updated product: 'Tekno V2' (ID: 4).
[2025-05-26 16:21:45] User updated product: 'Tekno V1' (ID: 4).
